<?xml version="1.0" encoding="UTF-8"?>
<!-- Generated by org.testng.reporters.JUnitReportReporter -->
<testsuite hostname="Senthil" failures="0" tests="1" name="Testcases.Logintest" time="103.005" errors="0" timestamp="2025-09-13T13:06:52 IST" skipped="0">
  <testcase classname="Testcases.Logintest" name="login" time="103.005"/>
</testsuite> <!-- Testcases.Logintest -->
